{"contracts/ContentDAO.sol":{"l":{"51":3,"53":3,"54":3,"55":3,"56":3,"60":0,"61":0,"66":3,"67":3,"73":3,"74":3,"76":3,"94":3,"96":3,"97":3,"98":3,"99":3,"103":0,"104":0,"105":0,"109":0,"110":0,"121":2,"122":0,"125":2,"126":0,"129":2,"130":0,"133":2,"135":2,"147":0,"149":0,"150":0,"153":0,"154":0,"155":0,"157":0,"160":0,"162":0,"163":0,"170":1,"174":1,"178":0,"182":0,"186":1,"190":1,"194":0,"198":3,"206":1},"path":"/home/ognjen/MyContentDAO/contracts/ContentDAO.sol","s":{"1":3,"2":0,"3":3,"4":3,"5":3,"6":3,"7":3,"8":3,"9":3,"10":3,"11":3,"12":0,"13":0,"14":0,"15":0,"16":2,"17":2,"18":2,"19":2,"20":2,"21":0,"22":0,"23":0,"24":0,"25":0,"26":0,"27":0,"28":1,"29":1,"30":0,"31":0,"32":1,"33":1,"34":0,"35":3,"36":1},"b":{"1":[0,0],"2":[0,0],"3":[0,2],"4":[0,2],"5":[0,2],"6":[0,0],"7":[0,0]},"f":{"1":3,"2":0,"3":3,"4":3,"5":3,"6":0,"7":0,"8":2,"9":0,"10":1,"11":1,"12":0,"13":0,"14":1,"15":1,"16":0,"17":3,"18":1},"fnMap":{"1":{"name":"constructor","line":49,"loc":{"start":{"line":46,"column":4},"end":{"line":57,"column":4}}},"2":{"name":"onlyCreator","line":59,"loc":{"start":{"line":59,"column":4},"end":{"line":62,"column":4}}},"3":{"name":"getLatestPrice","line":65,"loc":{"start":{"line":65,"column":4},"end":{"line":68,"column":4}}},"4":{"name":"convertToUsd","line":70,"loc":{"start":{"line":70,"column":4},"end":{"line":77,"column":4}}},"5":{"name":"checkUpkeep","line":86,"loc":{"start":{"line":86,"column":4},"end":{"line":100,"column":4}}},"6":{"name":"performUpkeep","line":102,"loc":{"start":{"line":102,"column":4},"end":{"line":106,"column":4}}},"7":{"name":"_updateMintStatus","line":108,"loc":{"start":{"line":108,"column":4},"end":{"line":111,"column":4}}},"8":{"name":"ctTokenMint","line":120,"loc":{"start":{"line":120,"column":4},"end":{"line":136,"column":4}}},"9":{"name":"endMonthTokenBurn","line":146,"loc":{"start":{"line":146,"column":4},"end":{"line":164,"column":4}}},"10":{"name":"getBalance","line":167,"loc":{"start":{"line":167,"column":4},"end":{"line":171,"column":4}}},"11":{"name":"getCreator","line":173,"loc":{"start":{"line":173,"column":4},"end":{"line":175,"column":4}}},"12":{"name":"getMintPrice","line":177,"loc":{"start":{"line":177,"column":4},"end":{"line":179,"column":4}}},"13":{"name":"getHolders","line":181,"loc":{"start":{"line":181,"column":4},"end":{"line":183,"column":4}}},"14":{"name":"getMintStatus","line":185,"loc":{"start":{"line":185,"column":4},"end":{"line":187,"column":4}}},"15":{"name":"getLatestTimestamp","line":189,"loc":{"start":{"line":189,"column":4},"end":{"line":191,"column":4}}},"16":{"name":"getLastTimestamp","line":193,"loc":{"start":{"line":193,"column":4},"end":{"line":195,"column":4}}},"17":{"name":"getMintDuration","line":197,"loc":{"start":{"line":197,"column":4},"end":{"line":199,"column":4}}},"18":{"name":"getPriceFeedAddress","line":201,"loc":{"start":{"line":201,"column":4},"end":{"line":207,"column":4}}}},"statementMap":{"1":{"start":{"line":56,"column":8},"end":{"line":56,"column":47}},"2":{"start":{"line":60,"column":8},"end":{"line":60,"column":39}},"3":{"start":{"line":66,"column":8},"end":{"line":66,"column":57}},"4":{"start":{"line":67,"column":8},"end":{"line":67,"column":43}},"5":{"start":{"line":73,"column":8},"end":{"line":73,"column":46}},"6":{"start":{"line":74,"column":8},"end":{"line":74,"column":2356}},"7":{"start":{"line":76,"column":8},"end":{"line":76,"column":39}},"8":{"start":{"line":94,"column":8},"end":{"line":94,"column":2968}},"9":{"start":{"line":96,"column":8},"end":{"line":96,"column":46}},"10":{"start":{"line":97,"column":8},"end":{"line":97,"column":66}},"11":{"start":{"line":99,"column":8},"end":{"line":99,"column":33}},"12":{"start":{"line":103,"column":8},"end":{"line":103,"column":47}},"13":{"start":{"line":104,"column":8},"end":{"line":104,"column":56}},"14":{"start":{"line":105,"column":8},"end":{"line":105,"column":26}},"15":{"start":{"line":110,"column":8},"end":{"line":110,"column":31}},"16":{"start":{"line":121,"column":8},"end":{"line":121,"column":4098}},"17":{"start":{"line":125,"column":8},"end":{"line":125,"column":4214}},"18":{"start":{"line":129,"column":8},"end":{"line":129,"column":4327}},"19":{"start":{"line":133,"column":8},"end":{"line":133,"column":48}},"20":{"start":{"line":135,"column":8},"end":{"line":135,"column":33}},"21":{"start":{"line":147,"column":8},"end":{"line":147,"column":44}},"22":{"start":{"line":149,"column":8},"end":{"line":149,"column":5007}},"23":{"start":{"line":150,"column":12},"end":{"line":150,"column":52}},"24":{"start":{"line":157,"column":8},"end":{"line":157,"column":5255}},"25":{"start":{"line":160,"column":8},"end":{"line":160,"column":54}},"26":{"start":{"line":162,"column":8},"end":{"line":162,"column":35}},"27":{"start":{"line":163,"column":8},"end":{"line":163,"column":36}},"28":{"start":{"line":170,"column":8},"end":{"line":170,"column":40}},"29":{"start":{"line":174,"column":8},"end":{"line":174,"column":24}},"30":{"start":{"line":178,"column":8},"end":{"line":178,"column":27}},"31":{"start":{"line":182,"column":8},"end":{"line":182,"column":24}},"32":{"start":{"line":186,"column":8},"end":{"line":186,"column":27}},"33":{"start":{"line":190,"column":8},"end":{"line":190,"column":30}},"34":{"start":{"line":194,"column":8},"end":{"line":194,"column":30}},"35":{"start":{"line":198,"column":8},"end":{"line":198,"column":36}},"36":{"start":{"line":206,"column":8},"end":{"line":206,"column":24}}},"branchMap":{"1":{"line":60,"type":"if","locations":[{"start":{"line":60,"column":8},"end":{"line":60,"column":8}},{"start":{"line":60,"column":8},"end":{"line":60,"column":8}}]},"2":{"line":104,"type":"if","locations":[{"start":{"line":104,"column":8},"end":{"line":104,"column":8}},{"start":{"line":104,"column":8},"end":{"line":104,"column":8}}]},"3":{"line":121,"type":"if","locations":[{"start":{"line":121,"column":8},"end":{"line":121,"column":8}},{"start":{"line":121,"column":8},"end":{"line":121,"column":8}}]},"4":{"line":125,"type":"if","locations":[{"start":{"line":125,"column":8},"end":{"line":125,"column":8}},{"start":{"line":125,"column":8},"end":{"line":125,"column":8}}]},"5":{"line":129,"type":"if","locations":[{"start":{"line":129,"column":8},"end":{"line":129,"column":8}},{"start":{"line":129,"column":8},"end":{"line":129,"column":8}}]},"6":{"line":146,"type":"if","locations":[{"start":{"line":146,"column":40},"end":{"line":146,"column":40}},{"start":{"line":146,"column":40},"end":{"line":146,"column":40}}]},"7":{"line":160,"type":"if","locations":[{"start":{"line":160,"column":8},"end":{"line":160,"column":8}},{"start":{"line":160,"column":8},"end":{"line":160,"column":8}}]}}},"contracts/test/MockV3Aggregator.sol":{"l":{},"path":"/home/ognjen/MyContentDAO/contracts/test/MockV3Aggregator.sol","s":{},"b":{},"f":{},"fnMap":{},"statementMap":{},"branchMap":{}}}