{"contracts/ContentDAO.sol":{"l":{"51":3,"53":3,"54":3,"55":3,"56":3,"60":0,"61":0,"66":0,"67":0,"73":0,"74":0,"76":0,"94":0,"96":0,"97":0,"98":0,"99":0,"103":0,"104":0,"105":0,"109":0,"110":0,"121":0,"122":0,"125":0,"126":0,"129":0,"130":0,"133":0,"135":0,"146":0,"148":0,"149":0,"152":0,"153":0,"155":0,"158":0,"160":0,"161":0,"168":1,"172":1,"176":0,"180":0,"184":1,"188":1,"196":1},"path":"/home/ognjen/MyContentDAO/contracts/ContentDAO.sol","s":{"1":3,"2":0,"3":0,"4":0,"5":0,"6":0,"7":0,"8":0,"9":0,"10":0,"11":0,"12":0,"13":0,"14":0,"15":0,"16":0,"17":0,"18":0,"19":0,"20":0,"21":0,"22":0,"23":0,"24":0,"25":0,"26":0,"27":0,"28":1,"29":1,"30":0,"31":0,"32":1,"33":1,"34":1},"b":{"1":[0,0],"2":[0,0],"3":[0,0],"4":[0,0],"5":[0,0],"6":[0,0],"7":[0,0]},"f":{"1":3,"2":0,"3":0,"4":0,"5":0,"6":0,"7":0,"8":0,"9":0,"10":1,"11":1,"12":0,"13":0,"14":1,"15":1,"16":1},"fnMap":{"1":{"name":"constructor","line":49,"loc":{"start":{"line":46,"column":4},"end":{"line":57,"column":4}}},"2":{"name":"onlyCreator","line":59,"loc":{"start":{"line":59,"column":4},"end":{"line":62,"column":4}}},"3":{"name":"getLatestPrice","line":65,"loc":{"start":{"line":65,"column":4},"end":{"line":68,"column":4}}},"4":{"name":"convertToUsd","line":70,"loc":{"start":{"line":70,"column":4},"end":{"line":77,"column":4}}},"5":{"name":"checkUpkeep","line":86,"loc":{"start":{"line":86,"column":4},"end":{"line":100,"column":4}}},"6":{"name":"performUpkeep","line":102,"loc":{"start":{"line":102,"column":4},"end":{"line":106,"column":4}}},"7":{"name":"_updateMintStatus","line":108,"loc":{"start":{"line":108,"column":4},"end":{"line":111,"column":4}}},"8":{"name":"ctTokenMint","line":120,"loc":{"start":{"line":120,"column":4},"end":{"line":136,"column":4}}},"9":{"name":"endMonthTokenBurn","line":145,"loc":{"start":{"line":145,"column":4},"end":{"line":162,"column":4}}},"10":{"name":"getBalance","line":165,"loc":{"start":{"line":165,"column":4},"end":{"line":169,"column":4}}},"11":{"name":"getCreator","line":171,"loc":{"start":{"line":171,"column":4},"end":{"line":173,"column":4}}},"12":{"name":"getMintPrice","line":175,"loc":{"start":{"line":175,"column":4},"end":{"line":177,"column":4}}},"13":{"name":"getHolders","line":179,"loc":{"start":{"line":179,"column":4},"end":{"line":181,"column":4}}},"14":{"name":"getMintStatus","line":183,"loc":{"start":{"line":183,"column":4},"end":{"line":185,"column":4}}},"15":{"name":"getLatestTimestamp","line":187,"loc":{"start":{"line":187,"column":4},"end":{"line":189,"column":4}}},"16":{"name":"getPriceFeedAddress","line":191,"loc":{"start":{"line":191,"column":4},"end":{"line":197,"column":4}}}},"statementMap":{"1":{"start":{"line":56,"column":8},"end":{"line":56,"column":47}},"2":{"start":{"line":60,"column":8},"end":{"line":60,"column":39}},"3":{"start":{"line":66,"column":8},"end":{"line":66,"column":57}},"4":{"start":{"line":67,"column":8},"end":{"line":67,"column":43}},"5":{"start":{"line":73,"column":8},"end":{"line":73,"column":46}},"6":{"start":{"line":74,"column":8},"end":{"line":74,"column":2355}},"7":{"start":{"line":76,"column":8},"end":{"line":76,"column":39}},"8":{"start":{"line":94,"column":8},"end":{"line":94,"column":2967}},"9":{"start":{"line":96,"column":8},"end":{"line":96,"column":46}},"10":{"start":{"line":97,"column":8},"end":{"line":97,"column":66}},"11":{"start":{"line":99,"column":8},"end":{"line":99,"column":33}},"12":{"start":{"line":103,"column":8},"end":{"line":103,"column":47}},"13":{"start":{"line":104,"column":8},"end":{"line":104,"column":56}},"14":{"start":{"line":105,"column":8},"end":{"line":105,"column":26}},"15":{"start":{"line":110,"column":8},"end":{"line":110,"column":31}},"16":{"start":{"line":121,"column":8},"end":{"line":121,"column":4097}},"17":{"start":{"line":125,"column":8},"end":{"line":125,"column":4213}},"18":{"start":{"line":129,"column":8},"end":{"line":129,"column":4326}},"19":{"start":{"line":133,"column":8},"end":{"line":133,"column":48}},"20":{"start":{"line":135,"column":8},"end":{"line":135,"column":33}},"21":{"start":{"line":146,"column":8},"end":{"line":146,"column":44}},"22":{"start":{"line":148,"column":8},"end":{"line":148,"column":4920}},"23":{"start":{"line":149,"column":12},"end":{"line":149,"column":52}},"24":{"start":{"line":155,"column":8},"end":{"line":155,"column":5125}},"25":{"start":{"line":158,"column":8},"end":{"line":158,"column":54}},"26":{"start":{"line":160,"column":8},"end":{"line":160,"column":35}},"27":{"start":{"line":161,"column":8},"end":{"line":161,"column":36}},"28":{"start":{"line":168,"column":8},"end":{"line":168,"column":40}},"29":{"start":{"line":172,"column":8},"end":{"line":172,"column":24}},"30":{"start":{"line":176,"column":8},"end":{"line":176,"column":27}},"31":{"start":{"line":180,"column":8},"end":{"line":180,"column":24}},"32":{"start":{"line":184,"column":8},"end":{"line":184,"column":27}},"33":{"start":{"line":188,"column":8},"end":{"line":188,"column":30}},"34":{"start":{"line":196,"column":8},"end":{"line":196,"column":24}}},"branchMap":{"1":{"line":60,"type":"if","locations":[{"start":{"line":60,"column":8},"end":{"line":60,"column":8}},{"start":{"line":60,"column":8},"end":{"line":60,"column":8}}]},"2":{"line":104,"type":"if","locations":[{"start":{"line":104,"column":8},"end":{"line":104,"column":8}},{"start":{"line":104,"column":8},"end":{"line":104,"column":8}}]},"3":{"line":121,"type":"if","locations":[{"start":{"line":121,"column":8},"end":{"line":121,"column":8}},{"start":{"line":121,"column":8},"end":{"line":121,"column":8}}]},"4":{"line":125,"type":"if","locations":[{"start":{"line":125,"column":8},"end":{"line":125,"column":8}},{"start":{"line":125,"column":8},"end":{"line":125,"column":8}}]},"5":{"line":129,"type":"if","locations":[{"start":{"line":129,"column":8},"end":{"line":129,"column":8}},{"start":{"line":129,"column":8},"end":{"line":129,"column":8}}]},"6":{"line":145,"type":"if","locations":[{"start":{"line":145,"column":40},"end":{"line":145,"column":40}},{"start":{"line":145,"column":40},"end":{"line":145,"column":40}}]},"7":{"line":158,"type":"if","locations":[{"start":{"line":158,"column":8},"end":{"line":158,"column":8}},{"start":{"line":158,"column":8},"end":{"line":158,"column":8}}]}}},"contracts/test/MockV3Aggregator.sol":{"l":{},"path":"/home/ognjen/MyContentDAO/contracts/test/MockV3Aggregator.sol","s":{},"b":{},"f":{},"fnMap":{},"statementMap":{},"branchMap":{}}}